<?xml version="1.0" encoding="UTF-8"?>
<!-- Generated by org.testng.reporters.JUnitReportReporter -->
<testsuite hostname="DESKTOP-FFTBH50" failures="0" tests="1" name="github_praticeScript.Demo1" time="0.013" errors="0" timestamp="2021-11-11T12:32:05 IST" skipped="0">
  <testcase classname="github_praticeScript.Demo1" name="demo" time="0.013"/>
</testsuite> <!-- github_praticeScript.Demo1 -->
