<?xml version="1.0" encoding="UTF-8"?>
<!-- Generated by org.testng.reporters.JUnitReportReporter -->
<testsuite hostname="DESKTOP-FFTBH50" failures="0" tests="1" name="github_praticeScript.Demo2" time="0.012" errors="0" timestamp="2021-11-11T14:16:03 IST" skipped="0">
  <testcase classname="github_praticeScript.Demo2" name="demo2" time="0.012"/>
</testsuite> <!-- github_praticeScript.Demo2 -->
